<?xml version="1.0" encoding="UTF-8"?>
<!-- Generated by org.testng.reporters.JUnitReportReporter -->
<testsuite skipped="0" hostname="DESKTOP-QPQE140" name="testCases.CreateAProduct" tests="1" failures="0" timestamp="2022-03-24T00:37:40 CDT" time="3.398" errors="0">
  <testcase name="createAProduct" time="3.398" classname="testCases.CreateAProduct"/>
  <system-out/>
</testsuite> <!-- testCases.CreateAProduct -->
