<?xml version="1.0" encoding="UTF-8"?>
<!-- Generated by org.testng.reporters.JUnitReportReporter -->
<testsuite skipped="0" hostname="DESKTOP-QPQE140" name="testCases.ReadOneProduct" tests="1" failures="0" timestamp="2022-03-23T01:01:39 CDT" time="5.782" errors="0">
  <testcase name="readOneProduct" time="5.782" classname="testCases.ReadOneProduct"/>
  <system-out/>
</testsuite> <!-- testCases.ReadOneProduct -->
