<?xml version="1.0" encoding="UTF-8"?>
<!-- Generated by org.testng.reporters.JUnitReportReporter -->
<testsuite skipped="0" hostname="DESKTOP-QPQE140" name="testCases.UpdateAProduct" tests="1" failures="0" timestamp="2022-03-24T02:04:32 CDT" time="3.469" errors="0">
  <testcase name="updateAProduct" time="3.469" classname="testCases.UpdateAProduct"/>
  <system-out/>
</testsuite> <!-- testCases.UpdateAProduct -->
