<?xml version="1.0" encoding="UTF-8"?>
<!-- Generated by org.testng.reporters.JUnitReportReporter -->
<testsuite skipped="0" hostname="DESKTOP-QPQE140" name="testCases.ReadAllProducts" tests="1" failures="0" timestamp="2022-03-23T00:58:37 CDT" time="4.724" errors="0">
  <testcase name="readAllproducts" time="4.724" classname="testCases.ReadAllProducts"/>
  <system-out/>
</testsuite> <!-- testCases.ReadAllProducts -->
